<?xml version="1.0" encoding="UTF-8"?>
<testsuite name="UserStory.RunFeatureTest" time="0.008" tests="56" errors="0" skipped="0" failures="0">
  <properties>
    <property name="java.runtime.name" value="OpenJDK Runtime Environment"/>
    <property name="sun.boot.library.path" value="/usr/lib/jvm/java-8-openjdk-amd64/jre/lib/amd64"/>
    <property name="java.vm.version" value="25.131-b11"/>
    <property name="java.vm.vendor" value="Oracle Corporation"/>
    <property name="maven.multiModuleProjectDirectory" value="/home/alan/Documents/Implementacion User Story"/>
    <property name="java.vendor.url" value="http://java.oracle.com/"/>
    <property name="path.separator" value=":"/>
    <property name="guice.disable.misplaced.annotation.check" value="true"/>
    <property name="java.vm.name" value="OpenJDK 64-Bit Server VM"/>
    <property name="file.encoding.pkg" value="sun.io"/>
    <property name="user.country" value="US"/>
    <property name="sun.java.launcher" value="SUN_STANDARD"/>
    <property name="sun.os.patch.level" value="unknown"/>
    <property name="java.vm.specification.name" value="Java Virtual Machine Specification"/>
    <property name="user.dir" value="/home/alan/Documents/Implementacion User Story"/>
    <property name="java.runtime.version" value="1.8.0_131-8u131-b11-0ubuntu1.17.04.1-b11"/>
    <property name="java.awt.graphicsenv" value="sun.awt.X11GraphicsEnvironment"/>
    <property name="java.endorsed.dirs" value="/usr/lib/jvm/java-8-openjdk-amd64/jre/lib/endorsed"/>
    <property name="os.arch" value="amd64"/>
    <property name="java.io.tmpdir" value="/tmp"/>
    <property name="line.separator" value="&#10;"/>
    <property name="java.vm.specification.vendor" value="Oracle Corporation"/>
    <property name="os.name" value="Linux"/>
    <property name="classworlds.conf" value="/usr/share/maven/bin/m2.conf"/>
    <property name="sun.jnu.encoding" value="UTF-8"/>
    <property name="java.library.path" value="/usr/java/packages/lib/amd64:/usr/lib/x86_64-linux-gnu/jni:/lib/x86_64-linux-gnu:/usr/lib/x86_64-linux-gnu:/usr/lib/jni:/lib:/usr/lib"/>
    <property name="java.specification.name" value="Java Platform API Specification"/>
    <property name="java.class.version" value="52.0"/>
    <property name="sun.management.compiler" value="HotSpot 64-Bit Tiered Compilers"/>
    <property name="os.version" value="4.10.0-22-generic"/>
    <property name="user.home" value="/home/alan"/>
    <property name="user.timezone" value="America/Argentina/Buenos_Aires"/>
    <property name="java.awt.printerjob" value="sun.print.PSPrinterJob"/>
    <property name="file.encoding" value="UTF-8"/>
    <property name="java.specification.version" value="1.8"/>
    <property name="user.name" value="alan"/>
    <property name="java.class.path" value="/usr/share/maven/boot/plexus-classworlds-2.x.jar"/>
    <property name="java.vm.specification.version" value="1.8"/>
    <property name="sun.arch.data.model" value="64"/>
    <property name="java.home" value="/usr/lib/jvm/java-8-openjdk-amd64/jre"/>
    <property name="sun.java.command" value="org.codehaus.plexus.classworlds.launcher.Launcher test"/>
    <property name="java.specification.vendor" value="Oracle Corporation"/>
    <property name="user.language" value="en"/>
    <property name="awt.toolkit" value="sun.awt.X11.XToolkit"/>
    <property name="java.vm.info" value="mixed mode"/>
    <property name="java.version" value="1.8.0_131"/>
    <property name="java.ext.dirs" value="/usr/lib/jvm/java-8-openjdk-amd64/jre/lib/ext:/usr/java/packages/lib/ext"/>
    <property name="securerandom.source" value="file:/dev/./urandom"/>
    <property name="sun.boot.class.path" value="/usr/lib/jvm/java-8-openjdk-amd64/jre/lib/resources.jar:/usr/lib/jvm/java-8-openjdk-amd64/jre/lib/rt.jar:/usr/lib/jvm/java-8-openjdk-amd64/jre/lib/sunrsasign.jar:/usr/lib/jvm/java-8-openjdk-amd64/jre/lib/jsse.jar:/usr/lib/jvm/java-8-openjdk-amd64/jre/lib/jce.jar:/usr/lib/jvm/java-8-openjdk-amd64/jre/lib/charsets.jar:/usr/lib/jvm/java-8-openjdk-amd64/jre/lib/jfr.jar:/usr/lib/jvm/java-8-openjdk-amd64/jre/classes"/>
    <property name="java.vendor" value="Oracle Corporation"/>
    <property name="maven.home" value="/usr/share/maven"/>
    <property name="file.separator" value="/"/>
    <property name="java.vendor.url.bug" value="http://bugreport.sun.com/bugreport/"/>
    <property name="sun.cpu.endian" value="little"/>
    <property name="sun.io.unicode.encoding" value="UnicodeLittle"/>
    <property name="sun.desktop" value="gnome"/>
    <property name="sun.cpu.isalist" value=""/>
  </properties>
  <testcase name="Dado que mi proyecto tiene &quot;5&quot; iteraciones y la numero &quot;3&quot; esta activa" classname="Escenario: Agregado de una iteracion" time="0"/>
  <testcase name="Cuando agrego una iteracion" classname="Escenario: Agregado de una iteracion" time="0"/>
  <testcase name="Entonces mi proyecto tiene &quot;6&quot; iteraciones" classname="Escenario: Agregado de una iteracion" time="0"/>
  <testcase name="Escenario: Agregado de una iteracion" classname="Escenario: Agregado de una iteracion" time="0"/>
  <testcase name="Dado que mi proyecto tiene &quot;5&quot; iteraciones y la numero &quot;3&quot; esta activa" classname="Escenario: Finalizacion de una iteracion valida" time="0"/>
  <testcase name="Cuando finalizo la iteracion &quot;3&quot;" classname="Escenario: Finalizacion de una iteracion valida" time="0"/>
  <testcase name="Entonces la iteracion &quot;3&quot; esta finalizada" classname="Escenario: Finalizacion de una iteracion valida" time="0"/>
  <testcase name="Escenario: Finalizacion de una iteracion valida" classname="Escenario: Finalizacion de una iteracion valida" time="0.001"/>
  <testcase name="Dado que mi proyecto tiene &quot;5&quot; iteraciones y la numero &quot;3&quot; esta activa" classname="Escenario: Finalizacion de una iteracion valida con tarea incompleta" time="0"/>
  <testcase name="Cuando finalizo la iteracion &quot;3&quot; sin finalizar todas las tareas" classname="Escenario: Finalizacion de una iteracion valida con tarea incompleta" time="0"/>
  <testcase name="Entonces la iteracion &quot;3&quot; esta activa" classname="Escenario: Finalizacion de una iteracion valida con tarea incompleta" time="0"/>
  <testcase name="Escenario: Finalizacion de una iteracion valida con tarea incompleta" classname="Escenario: Finalizacion de una iteracion valida con tarea incompleta" time="0"/>
  <testcase name="Dado que mi proyecto tiene &quot;5&quot; iteraciones y la numero &quot;3&quot; esta activa" classname="Escenario: Finalizacion de una iteracion invalida" time="0"/>
  <testcase name="Cuando finalizo la iteracion &quot;4&quot;" classname="Escenario: Finalizacion de una iteracion invalida" time="0"/>
  <testcase name="Entonces la iteracion &quot;4&quot; no esta activa" classname="Escenario: Finalizacion de una iteracion invalida" time="0.001"/>
  <testcase name="Escenario: Finalizacion de una iteracion invalida" classname="Escenario: Finalizacion de una iteracion invalida" time="0.001"/>
  <testcase name="Dado que mi proyecto tiene una iteracion y se finalizo la tarea &quot;true&quot;" classname="Escenario: Finalizado de un proyecto valido" time="0"/>
  <testcase name="Cuando finalizo el proyecto" classname="Escenario: Finalizado de un proyecto valido" time="0"/>
  <testcase name="Entonces el proyecto esta finalizado" classname="Escenario: Finalizado de un proyecto valido" time="0"/>
  <testcase name="Escenario: Finalizado de un proyecto valido" classname="Escenario: Finalizado de un proyecto valido" time="0"/>
  <testcase name="Dado que mi proyecto tiene una iteracion y se finalizo la tarea &quot;false&quot;" classname="Escenario: Finalizado de un proyecto invalido" time="0"/>
  <testcase name="Cuando finalizo el proyecto" classname="Escenario: Finalizado de un proyecto invalido" time="0"/>
  <testcase name="Entonces el proyecto no esta finalizado" classname="Escenario: Finalizado de un proyecto invalido" time="0"/>
  <testcase name="Escenario: Finalizado de un proyecto invalido" classname="Escenario: Finalizado de un proyecto invalido" time="0.001"/>
  <testcase name="Dado que mi proyecto tiene &quot;2&quot; iteraciones,la iteracion &quot;1&quot; es la activa y tiene &quot;1&quot; tarea" classname="Escenario: Agregado de tareas a una iteracion valida" time="0"/>
  <testcase name="Cuando agrego una tarea a la iteracion &quot;1&quot;" classname="Escenario: Agregado de tareas a una iteracion valida" time="0"/>
  <testcase name="Entonces la iteracion &quot;1&quot; ahora tiene &quot;2&quot; tareas" classname="Escenario: Agregado de tareas a una iteracion valida" time="0"/>
  <testcase name="Escenario: Agregado de tareas a una iteracion valida" classname="Escenario: Agregado de tareas a una iteracion valida" time="0"/>
  <testcase name="Dado que mi proyecto tiene &quot;2&quot; iteraciones,la iteracion &quot;0&quot; es la activa y tiene &quot;1&quot; tarea" classname="Escenario: Agregado de tareas a una iteracion invalida" time="0"/>
  <testcase name="Cuando agrego una tarea a la iteracion &quot;0&quot;" classname="Escenario: Agregado de tareas a una iteracion invalida" time="0"/>
  <testcase name="Entonces la iteracion &quot;0&quot; sigue teniendo &quot;1&quot; tareas" classname="Escenario: Agregado de tareas a una iteracion invalida" time="0"/>
  <testcase name="Escenario: Agregado de tareas a una iteracion invalida" classname="Escenario: Agregado de tareas a una iteracion invalida" time="0.001"/>
  <testcase name="Dado que el que usuario &quot;1&quot; posee la tarea &quot;xxxx&quot;" classname="Escenario: Finalizacion de una tarea por usuario que trabaja en ella" time="0"/>
  <testcase name="Cuando el usuario &quot;1&quot; finaliza la tarea &quot;xxxx&quot;" classname="Escenario: Finalizacion de una tarea por usuario que trabaja en ella" time="0"/>
  <testcase name="Entonces la tarea &quot;xxxx&quot; esta finalizada" classname="Escenario: Finalizacion de una tarea por usuario que trabaja en ella" time="0"/>
  <testcase name="Escenario: Finalizacion de una tarea por usuario que trabaja en ella" classname="Escenario: Finalizacion de una tarea por usuario que trabaja en ella" time="0.001"/>
  <testcase name="Dado que el que usuario &quot;1&quot; posee la tarea &quot;xxxx&quot;" classname="Escenario: Finalizacion de una tarea por usuario que no trabaja en ella" time="0"/>
  <testcase name="Cuando el usuario &quot;2&quot; finaliza la tarea &quot;xxxx&quot;" classname="Escenario: Finalizacion de una tarea por usuario que no trabaja en ella" time="0"/>
  <testcase name="Entonces la tarea &quot;xxxx&quot; no esta finalizada" classname="Escenario: Finalizacion de una tarea por usuario que no trabaja en ella" time="0"/>
  <testcase name="Escenario: Finalizacion de una tarea por usuario que no trabaja en ella" classname="Escenario: Finalizacion de una tarea por usuario que no trabaja en ella" time="0"/>
  <testcase name="Dado que mi proyecto no inicializado tiene la tarea &quot;xxxx&quot;" classname="Escenario: Iniciar una tarea en un proyecto no inicializado" time="0"/>
  <testcase name="Cuando el usuario &quot;1&quot; inicializa la tarea &quot;xxxx&quot;" classname="Escenario: Iniciar una tarea en un proyecto no inicializado" time="0"/>
  <testcase name="Entonces la tarea &quot;xxxx&quot; no esta activada" classname="Escenario: Iniciar una tarea en un proyecto no inicializado" time="0"/>
  <testcase name="Escenario: Iniciar una tarea en un proyecto no inicializado" classname="Escenario: Iniciar una tarea en un proyecto no inicializado" time="0"/>
  <testcase name="Dado que mi proyecto tiene una iteracion con &quot;5&quot; tareas y las primeras &quot;3&quot; terminadas" classname="Escenario: Un gerente pide la cantidad de tareas en determinado proyecto" time="0"/>
  <testcase name="Cuando el usuario &quot;0&quot; pide las tareas de ese proyecto" classname="Escenario: Un gerente pide la cantidad de tareas en determinado proyecto" time="0.001"/>
  <testcase name="Entonces obtengo un listado con &quot;5&quot; tareas" classname="Escenario: Un gerente pide la cantidad de tareas en determinado proyecto" time="0"/>
  <testcase name="Escenario: Un gerente pide la cantidad de tareas en determinado proyecto" classname="Escenario: Un gerente pide la cantidad de tareas en determinado proyecto" time="0.001"/>
  <testcase name="Dado que mi proyecto tiene una iteracion con &quot;5&quot; tareas y las primeras &quot;3&quot; terminadas" classname="Escenario: Un gerente pide la cantidad de tareas terminadas en determinado proyecto" time="0"/>
  <testcase name="Cuando el usuario &quot;0&quot; pide las tareas terminadas de ese proyecto" classname="Escenario: Un gerente pide la cantidad de tareas terminadas en determinado proyecto" time="0"/>
  <testcase name="Entonces obtengo un listado con &quot;3&quot; tareas" classname="Escenario: Un gerente pide la cantidad de tareas terminadas en determinado proyecto" time="0"/>
  <testcase name="Escenario: Un gerente pide la cantidad de tareas terminadas en determinado proyecto" classname="Escenario: Un gerente pide la cantidad de tareas terminadas en determinado proyecto" time="0"/>
  <testcase name="Dado que mi proyecto tiene una iteracion con &quot;5&quot; tareas y las primeras &quot;3&quot; terminadas" classname="Escenario: Un usuario fuera del proyecto pide la cantidad de tares en determinado proyecto" time="0"/>
  <testcase name="Cuando el usuario &quot;2&quot; pide las tareas de ese proyecto" classname="Escenario: Un usuario fuera del proyecto pide la cantidad de tares en determinado proyecto" time="0"/>
  <testcase name="Entonces obtengo un listado null" classname="Escenario: Un usuario fuera del proyecto pide la cantidad de tares en determinado proyecto" time="0"/>
  <testcase name="Escenario: Un usuario fuera del proyecto pide la cantidad de tares en determinado proyecto" classname="Escenario: Un usuario fuera del proyecto pide la cantidad de tares en determinado proyecto" time="0"/>
</testsuite>